<?xml version="1.0" encoding="UTF-8"?>
<testsuite name="com.ang.book.springboot.web.HelloControllerTest" tests="2" skipped="0" failures="0" errors="0" timestamp="2020-04-17T10:30:40" hostname="snowy-morning" time="0.229">
  <properties/>
  <testcase name="helloDto_return" classname="com.ang.book.springboot.web.HelloControllerTest" time="0.223"/>
  <testcase name="hello_return" classname="com.ang.book.springboot.web.HelloControllerTest" time="0.006"/>
  <system-out><![CDATA[19:30:37.851 [Test worker] DEBUG org.springframework.test.context.junit4.SpringJUnit4ClassRunner - SpringJUnit4ClassRunner constructor called with [class com.ang.book.springboot.web.HelloControllerTest]
19:30:37.863 [Test worker] DEBUG org.springframework.test.context.BootstrapUtils - Instantiating CacheAwareContextLoaderDelegate from class [org.springframework.test.context.cache.DefaultCacheAwareContextLoaderDelegate]
19:30:37.870 [Test worker] DEBUG org.springframework.test.context.BootstrapUtils - Instantiating BootstrapContext using constructor [public org.springframework.test.context.support.DefaultBootstrapContext(java.lang.Class,org.springframework.test.context.CacheAwareContextLoaderDelegate)]
19:30:37.888 [Test worker] DEBUG org.springframework.test.context.BootstrapUtils - Instantiating TestContextBootstrapper for test class [com.ang.book.springboot.web.HelloControllerTest] from class [org.springframework.boot.test.autoconfigure.web.servlet.WebMvcTestContextBootstrapper]
19:30:37.902 [Test worker] INFO org.springframework.boot.test.autoconfigure.web.servlet.WebMvcTestContextBootstrapper - Neither @ContextConfiguration nor @ContextHierarchy found for test class [com.ang.book.springboot.web.HelloControllerTest], using SpringBootContextLoader
19:30:37.904 [Test worker] DEBUG org.springframework.test.context.support.AbstractContextLoader - Did not detect default resource location for test class [com.ang.book.springboot.web.HelloControllerTest]: class path resource [com/ang/book/springboot/web/HelloControllerTest-context.xml] does not exist
19:30:37.905 [Test worker] DEBUG org.springframework.test.context.support.AbstractContextLoader - Did not detect default resource location for test class [com.ang.book.springboot.web.HelloControllerTest]: class path resource [com/ang/book/springboot/web/HelloControllerTestContext.groovy] does not exist
19:30:37.905 [Test worker] INFO org.springframework.test.context.support.AbstractContextLoader - Could not detect default resource locations for test class [com.ang.book.springboot.web.HelloControllerTest]: no resource found for suffixes {-context.xml, Context.groovy}.
19:30:37.905 [Test worker] INFO org.springframework.test.context.support.AnnotationConfigContextLoaderUtils - Could not detect default configuration classes for test class [com.ang.book.springboot.web.HelloControllerTest]: HelloControllerTest does not declare any static, non-private, non-final, nested classes annotated with @Configuration.
19:30:37.958 [Test worker] DEBUG org.springframework.test.context.support.ActiveProfilesUtils - Could not find an 'annotation declaring class' for annotation type [org.springframework.test.context.ActiveProfiles] and class [com.ang.book.springboot.web.HelloControllerTest]
19:30:38.018 [Test worker] DEBUG org.springframework.context.annotation.ClassPathScanningCandidateComponentProvider - Identified candidate component class: file [D:\SpringBootAws\ang\build\classes\java\main\com\ang\book\springboot\Application.class]
19:30:38.019 [Test worker] INFO org.springframework.boot.test.context.SpringBootTestContextBootstrapper - Found @SpringBootConfiguration com.ang.book.springboot.Application for test class com.ang.book.springboot.web.HelloControllerTest
19:30:38.021 [Test worker] DEBUG org.springframework.boot.test.autoconfigure.web.servlet.WebMvcTestContextBootstrapper - @TestExecutionListeners is not present for class [com.ang.book.springboot.web.HelloControllerTest]: using defaults.
19:30:38.022 [Test worker] INFO org.springframework.boot.test.autoconfigure.web.servlet.WebMvcTestContextBootstrapper - Loaded default TestExecutionListener class names from location [META-INF/spring.factories]: [org.springframework.security.test.context.support.WithSecurityContextTestExecutionListener, org.springframework.security.test.context.support.ReactorContextTestExecutionListener, org.springframework.boot.test.autoconfigure.restdocs.RestDocsTestExecutionListener, org.springframework.boot.test.autoconfigure.web.client.MockRestServiceServerResetTestExecutionListener, org.springframework.boot.test.autoconfigure.web.servlet.MockMvcPrintOnlyOnFailureTestExecutionListener, org.springframework.boot.test.autoconfigure.web.servlet.WebDriverTestExecutionListener, org.springframework.boot.test.mock.mockito.MockitoTestExecutionListener, org.springframework.boot.test.mock.mockito.ResetMocksTestExecutionListener, org.springframework.test.context.web.ServletTestExecutionListener, org.springframework.test.context.support.DirtiesContextBeforeModesTestExecutionListener, org.springframework.test.context.support.DependencyInjectionTestExecutionListener, org.springframework.test.context.support.DirtiesContextTestExecutionListener, org.springframework.test.context.transaction.TransactionalTestExecutionListener, org.springframework.test.context.jdbc.SqlScriptsTestExecutionListener]
19:30:38.039 [Test worker] INFO org.springframework.boot.test.autoconfigure.web.servlet.WebMvcTestContextBootstrapper - Using TestExecutionListeners: [org.springframework.test.context.web.ServletTestExecutionListener@69ee35e5, org.springframework.test.context.support.DirtiesContextBeforeModesTestExecutionListener@747ca5e3, org.springframework.boot.test.mock.mockito.MockitoTestExecutionListener@71ffcb4d, org.springframework.boot.test.autoconfigure.SpringBootDependencyInjectionTestExecutionListener@5b9b1276, org.springframework.test.context.support.DirtiesContextTestExecutionListener@43c255fd, org.springframework.test.context.transaction.TransactionalTestExecutionListener@5280a3db, org.springframework.test.context.jdbc.SqlScriptsTestExecutionListener@5daabf65, org.springframework.security.test.context.support.WithSecurityContextTestExecutionListener@5ea11e04, org.springframework.security.test.context.support.ReactorContextTestExecutionListener@f1dc590, org.springframework.boot.test.autoconfigure.restdocs.RestDocsTestExecutionListener@585431d3, org.springframework.boot.test.autoconfigure.web.client.MockRestServiceServerResetTestExecutionListener@500dfc2b, org.springframework.boot.test.autoconfigure.web.servlet.MockMvcPrintOnlyOnFailureTestExecutionListener@60a9910, org.springframework.boot.test.autoconfigure.web.servlet.WebDriverTestExecutionListener@675aed04, org.springframework.boot.test.mock.mockito.ResetMocksTestExecutionListener@1e799295]
19:30:38.042 [Test worker] DEBUG org.springframework.test.annotation.ProfileValueUtils - Retrieved @ProfileValueSourceConfiguration [null] for test class [com.ang.book.springboot.web.HelloControllerTest]
19:30:38.042 [Test worker] DEBUG org.springframework.test.annotation.ProfileValueUtils - Retrieved ProfileValueSource type [class org.springframework.test.annotation.SystemProfileValueSource] for class [com.ang.book.springboot.web.HelloControllerTest]
19:30:38.043 [Test worker] DEBUG org.springframework.test.annotation.ProfileValueUtils - Retrieved @ProfileValueSourceConfiguration [null] for test class [com.ang.book.springboot.web.HelloControllerTest]
19:30:38.043 [Test worker] DEBUG org.springframework.test.annotation.ProfileValueUtils - Retrieved ProfileValueSource type [class org.springframework.test.annotation.SystemProfileValueSource] for class [com.ang.book.springboot.web.HelloControllerTest]
19:30:38.046 [Test worker] DEBUG org.springframework.test.context.support.AbstractDirtiesContextTestExecutionListener - Before test class: context [DefaultTestContext@4200cbc4 testClass = HelloControllerTest, testInstance = [null], testMethod = [null], testException = [null], mergedContextConfiguration = [WebMergedContextConfiguration@7091454 testClass = HelloControllerTest, locations = '{}', classes = '{class com.ang.book.springboot.Application}', contextInitializerClasses = '[]', activeProfiles = '{}', propertySourceLocations = '{}', propertySourceProperties = '{org.springframework.boot.test.autoconfigure.web.servlet.WebMvcTestContextBootstrapper=true}', contextCustomizers = set[org.springframework.boot.test.autoconfigure.OverrideAutoConfigurationContextCustomizerFactory$DisableAutoConfigurationContextCustomizer@3a8f4ce1, org.springframework.boot.test.autoconfigure.filter.TypeExcludeFiltersContextCustomizer@a934e541, org.springframework.boot.test.autoconfigure.properties.PropertyMappingContextCustomizer@9934d68d, org.springframework.boot.test.autoconfigure.web.servlet.WebDriverContextCustomizerFactory$Customizer@70ddb9a3, [ImportsContextCustomizer@7b89713a key = [org.springframework.boot.autoconfigure.cache.CacheAutoConfiguration, org.springframework.boot.autoconfigure.context.MessageSourceAutoConfiguration, org.springframework.boot.autoconfigure.data.web.SpringDataWebAutoConfiguration, org.springframework.boot.autoconfigure.freemarker.FreeMarkerAutoConfiguration, org.springframework.boot.autoconfigure.groovy.template.GroovyTemplateAutoConfiguration, org.springframework.boot.autoconfigure.gson.GsonAutoConfiguration, org.springframework.boot.autoconfigure.hateoas.HypermediaAutoConfiguration, org.springframework.boot.autoconfigure.http.HttpMessageConvertersAutoConfiguration, org.springframework.boot.autoconfigure.jackson.JacksonAutoConfiguration, org.springframework.boot.autoconfigure.jsonb.JsonbAutoConfiguration, org.springframework.boot.autoconfigure.mustache.MustacheAutoConfiguration, org.springframework.boot.autoconfigure.task.TaskExecutionAutoConfiguration, org.springframework.boot.autoconfigure.thymeleaf.ThymeleafAutoConfiguration, org.springframework.boot.autoconfigure.validation.ValidationAutoConfiguration, org.springframework.boot.autoconfigure.web.servlet.error.ErrorMvcAutoConfiguration, org.springframework.boot.autoconfigure.web.servlet.WebMvcAutoConfiguration, org.springframework.boot.test.autoconfigure.web.servlet.MockMvcAutoConfiguration, org.springframework.boot.test.autoconfigure.web.servlet.MockMvcSecurityAutoConfiguration, org.springframework.boot.test.autoconfigure.web.servlet.MockMvcWebClientAutoConfiguration, org.springframework.boot.test.autoconfigure.web.servlet.MockMvcWebDriverAutoConfiguration]], org.springframework.boot.test.context.filter.ExcludeFilterContextCustomizer@2bcdbe6c, org.springframework.boot.test.json.DuplicateJsonObjectContextCustomizerFactory$DuplicateJsonObjectContextCustomizer@7527823d, org.springframework.boot.test.mock.mockito.MockitoContextCustomizer@0], resourceBasePath = 'src/main/webapp', contextLoader = 'org.springframework.boot.test.context.SpringBootContextLoader', parent = [null]], attributes = map[[empty]]], class annotated with @DirtiesContext [false] with mode [null].
19:30:38.047 [Test worker] DEBUG org.springframework.test.annotation.ProfileValueUtils - Retrieved @ProfileValueSourceConfiguration [null] for test class [com.ang.book.springboot.web.HelloControllerTest]
19:30:38.047 [Test worker] DEBUG org.springframework.test.annotation.ProfileValueUtils - Retrieved ProfileValueSource type [class org.springframework.test.annotation.SystemProfileValueSource] for class [com.ang.book.springboot.web.HelloControllerTest]
19:30:38.050 [Test worker] DEBUG org.springframework.test.context.support.DependencyInjectionTestExecutionListener - Performing dependency injection for test context [[DefaultTestContext@4200cbc4 testClass = HelloControllerTest, testInstance = com.ang.book.springboot.web.HelloControllerTest@60b3f662, testMethod = [null], testException = [null], mergedContextConfiguration = [WebMergedContextConfiguration@7091454 testClass = HelloControllerTest, locations = '{}', classes = '{class com.ang.book.springboot.Application}', contextInitializerClasses = '[]', activeProfiles = '{}', propertySourceLocations = '{}', propertySourceProperties = '{org.springframework.boot.test.autoconfigure.web.servlet.WebMvcTestContextBootstrapper=true}', contextCustomizers = set[org.springframework.boot.test.autoconfigure.OverrideAutoConfigurationContextCustomizerFactory$DisableAutoConfigurationContextCustomizer@3a8f4ce1, org.springframework.boot.test.autoconfigure.filter.TypeExcludeFiltersContextCustomizer@a934e541, org.springframework.boot.test.autoconfigure.properties.PropertyMappingContextCustomizer@9934d68d, org.springframework.boot.test.autoconfigure.web.servlet.WebDriverContextCustomizerFactory$Customizer@70ddb9a3, [ImportsContextCustomizer@7b89713a key = [org.springframework.boot.autoconfigure.cache.CacheAutoConfiguration, org.springframework.boot.autoconfigure.context.MessageSourceAutoConfiguration, org.springframework.boot.autoconfigure.data.web.SpringDataWebAutoConfiguration, org.springframework.boot.autoconfigure.freemarker.FreeMarkerAutoConfiguration, org.springframework.boot.autoconfigure.groovy.template.GroovyTemplateAutoConfiguration, org.springframework.boot.autoconfigure.gson.GsonAutoConfiguration, org.springframework.boot.autoconfigure.hateoas.HypermediaAutoConfiguration, org.springframework.boot.autoconfigure.http.HttpMessageConvertersAutoConfiguration, org.springframework.boot.autoconfigure.jackson.JacksonAutoConfiguration, org.springframework.boot.autoconfigure.jsonb.JsonbAutoConfiguration, org.springframework.boot.autoconfigure.mustache.MustacheAutoConfiguration, org.springframework.boot.autoconfigure.task.TaskExecutionAutoConfiguration, org.springframework.boot.autoconfigure.thymeleaf.ThymeleafAutoConfiguration, org.springframework.boot.autoconfigure.validation.ValidationAutoConfiguration, org.springframework.boot.autoconfigure.web.servlet.error.ErrorMvcAutoConfiguration, org.springframework.boot.autoconfigure.web.servlet.WebMvcAutoConfiguration, org.springframework.boot.test.autoconfigure.web.servlet.MockMvcAutoConfiguration, org.springframework.boot.test.autoconfigure.web.servlet.MockMvcSecurityAutoConfiguration, org.springframework.boot.test.autoconfigure.web.servlet.MockMvcWebClientAutoConfiguration, org.springframework.boot.test.autoconfigure.web.servlet.MockMvcWebDriverAutoConfiguration]], org.springframework.boot.test.context.filter.ExcludeFilterContextCustomizer@2bcdbe6c, org.springframework.boot.test.json.DuplicateJsonObjectContextCustomizerFactory$DuplicateJsonObjectContextCustomizer@7527823d, org.springframework.boot.test.mock.mockito.MockitoContextCustomizer@0], resourceBasePath = 'src/main/webapp', contextLoader = 'org.springframework.boot.test.context.SpringBootContextLoader', parent = [null]], attributes = map[[empty]]]].
19:30:38.140 [Test worker] DEBUG org.springframework.test.context.support.TestPropertySourceUtils - Adding inlined properties to environment: {spring.jmx.enabled=false, org.springframework.boot.test.autoconfigure.web.servlet.WebMvcTestContextBootstrapper=true, server.port=-1}

  .   ____          _            __ _ _
 /\\ / ___'_ __ _ _(_)_ __  __ _ \ \ \ \
( ( )\___ | '_ | '_| | '_ \/ _` | \ \ \ \
 \\/  ___)| |_)| | | | | || (_| |  ) ) ) )
  '  |____| .__|_| |_|_| |_\__, | / / / /
 =========|_|==============|___/=/_/_/_/
 :: Spring Boot ::        (v2.1.9.RELEASE)

2020-04-17 19:30:38.348  INFO 820 --- [    Test worker] c.a.b.s.web.HelloControllerTest          : Starting HelloControllerTest on snowy-morning with PID 820 (started by user in D:\SpringBootAws\ang)
2020-04-17 19:30:38.350  INFO 820 --- [    Test worker] c.a.b.s.web.HelloControllerTest          : No active profile set, falling back to default profiles: default
2020-04-17 19:30:39.527  INFO 820 --- [    Test worker] o.s.s.concurrent.ThreadPoolTaskExecutor  : Initializing ExecutorService 'applicationTaskExecutor'
2020-04-17 19:30:39.597  INFO 820 --- [    Test worker] o.s.b.a.w.s.WelcomePageHandlerMapping    : Adding welcome page template: index
2020-04-17 19:30:39.865  INFO 820 --- [    Test worker] .s.s.UserDetailsServiceAutoConfiguration : 

Using generated security password: 8f351515-184c-4223-837b-5802848a3b76

2020-04-17 19:30:40.097  INFO 820 --- [    Test worker] o.s.s.web.DefaultSecurityFilterChain     : Creating filter chain: any request, [org.springframework.security.web.context.request.async.WebAsyncManagerIntegrationFilter@33ee7ff, org.springframework.security.web.context.SecurityContextPersistenceFilter@3e4f07fd, org.springframework.security.web.header.HeaderWriterFilter@1bc69690, org.springframework.security.web.csrf.CsrfFilter@206e4a4d, org.springframework.security.web.authentication.logout.LogoutFilter@293453b2, org.springframework.security.web.authentication.UsernamePasswordAuthenticationFilter@31fbbce9, org.springframework.security.web.authentication.ui.DefaultLoginPageGeneratingFilter@34f9425, org.springframework.security.web.authentication.ui.DefaultLogoutPageGeneratingFilter@17645b85, org.springframework.security.web.authentication.www.BasicAuthenticationFilter@6f31687, org.springframework.security.web.savedrequest.RequestCacheAwareFilter@68070444, org.springframework.security.web.servletapi.SecurityContextHolderAwareRequestFilter@3abdd5df, org.springframework.security.web.authentication.AnonymousAuthenticationFilter@4f1e3745, org.springframework.security.web.session.SessionManagementFilter@5bdb0d43, org.springframework.security.web.access.ExceptionTranslationFilter@6b3347c1, org.springframework.security.web.access.intercept.FilterSecurityInterceptor@319a9468]
2020-04-17 19:30:40.141  INFO 820 --- [    Test worker] o.s.b.t.m.w.SpringBootMockServletContext : Initializing Spring TestDispatcherServlet ''
2020-04-17 19:30:40.141  INFO 820 --- [    Test worker] o.s.t.web.servlet.TestDispatcherServlet  : Initializing Servlet ''
2020-04-17 19:30:40.157  INFO 820 --- [    Test worker] o.s.t.web.servlet.TestDispatcherServlet  : Completed initialization in 16 ms
2020-04-17 19:30:40.204  INFO 820 --- [    Test worker] c.a.b.s.web.HelloControllerTest          : Started HelloControllerTest in 2.058 seconds (JVM running for 3.044)
]]></system-out>
  <system-err><![CDATA[]]></system-err>
</testsuite>
