<?xml version="1.0" encoding="UTF-8"?>
<testsuite name="com.ang.book.springboot.web.dto.HelloResponseDtoTest" tests="1" skipped="0" failures="0" errors="0" timestamp="2020-04-17T10:30:44" hostname="snowy-morning" time="0.002">
  <properties/>
  <testcase name="lombok_test" classname="com.ang.book.springboot.web.dto.HelloResponseDtoTest" time="0.002"/>
  <system-out><![CDATA[]]></system-out>
  <system-err><![CDATA[]]></system-err>
</testsuite>
